0 info it worked if it ends with ok
1 verbose cli [ 'D:\\Program Files\\nodejs\\node.exe',
1 verbose cli   'D:\\Program Files\\nodejs\\node_modules\\npm\\bin\\npm-cli.js',
1 verbose cli   'install',
1 verbose cli   'git+https://git@github.com/EnzoLynn/IndexDBHelper.git',
1 verbose cli   '--save' ]
2 info using npm@2.14.2
3 info using node@v4.0.0
4 verbose install initial load of E:\yywork\IBJ\SlpMPlus\package.json
5 verbose installManyTop reading scoped package data from E:\yywork\IBJ\SlpMPlus\node_modules\IndexDBHelper\package.json
6 verbose installManyTop reading scoped package data from E:\yywork\IBJ\SlpMPlus\node_modules\babel-core\package.json
7 verbose installManyTop reading scoped package data from E:\yywork\IBJ\SlpMPlus\node_modules\babel-loader\package.json
8 verbose installManyTop reading scoped package data from E:\yywork\IBJ\SlpMPlus\node_modules\babel-preset-es2015\package.json
9 verbose installManyTop reading scoped package data from E:\yywork\IBJ\SlpMPlus\node_modules\babel-preset-react\package.json
10 verbose installManyTop reading scoped package data from E:\yywork\IBJ\SlpMPlus\node_modules\bootstrap\package.json
11 verbose installManyTop reading scoped package data from E:\yywork\IBJ\SlpMPlus\node_modules\bootstrap-datepicker\package.json
12 verbose installManyTop reading scoped package data from E:\yywork\IBJ\SlpMPlus\node_modules\bootstrap-table\package.json
13 verbose installManyTop reading scoped package data from E:\yywork\IBJ\SlpMPlus\node_modules\copy-webpack-plugin\package.json
14 verbose installManyTop reading scoped package data from E:\yywork\IBJ\SlpMPlus\node_modules\css-loader\package.json
15 verbose installManyTop reading scoped package data from E:\yywork\IBJ\SlpMPlus\node_modules\deep-assign\package.json
16 verbose installManyTop reading scoped package data from E:\yywork\IBJ\SlpMPlus\node_modules\exports-loader\package.json
17 verbose installManyTop reading scoped package data from E:\yywork\IBJ\SlpMPlus\node_modules\extract-text-webpack-plugin\package.json
18 verbose installManyTop reading scoped package data from E:\yywork\IBJ\SlpMPlus\node_modules\file-loader\package.json
19 verbose installManyTop reading scoped package data from E:\yywork\IBJ\SlpMPlus\node_modules\immutable\package.json
20 verbose installManyTop reading scoped package data from E:\yywork\IBJ\SlpMPlus\node_modules\imports-loader\package.json
21 verbose installManyTop reading scoped package data from E:\yywork\IBJ\SlpMPlus\node_modules\jquery\package.json
22 verbose installManyTop reading scoped package data from E:\yywork\IBJ\SlpMPlus\node_modules\jquery-weui\package.json
23 verbose installManyTop reading scoped package data from E:\yywork\IBJ\SlpMPlus\node_modules\js-cookie\package.json
24 verbose installManyTop reading scoped package data from E:\yywork\IBJ\SlpMPlus\node_modules\less\package.json
25 verbose installManyTop reading scoped package data from E:\yywork\IBJ\SlpMPlus\node_modules\less-loader\package.json
26 verbose installManyTop reading scoped package data from E:\yywork\IBJ\SlpMPlus\node_modules\merge\package.json
27 verbose installManyTop reading scoped package data from E:\yywork\IBJ\SlpMPlus\node_modules\mockjs\package.json
28 verbose installManyTop reading scoped package data from E:\yywork\IBJ\SlpMPlus\node_modules\moment\package.json
29 verbose installManyTop reading scoped package data from E:\yywork\IBJ\SlpMPlus\node_modules\object-assign\package.json
30 verbose installManyTop reading scoped package data from E:\yywork\IBJ\SlpMPlus\node_modules\rc-select\package.json
31 verbose installManyTop reading scoped package data from E:\yywork\IBJ\SlpMPlus\node_modules\react\package.json
32 verbose installManyTop reading scoped package data from E:\yywork\IBJ\SlpMPlus\node_modules\react-dom\package.json
33 verbose installManyTop reading scoped package data from E:\yywork\IBJ\SlpMPlus\node_modules\react-dragula\package.json
34 verbose installManyTop reading scoped package data from E:\yywork\IBJ\SlpMPlus\node_modules\react-redux\package.json
35 verbose installManyTop reading scoped package data from E:\yywork\IBJ\SlpMPlus\node_modules\react-router\package.json
36 verbose installManyTop reading scoped package data from E:\yywork\IBJ\SlpMPlus\node_modules\redux\package.json
37 verbose installManyTop reading scoped package data from E:\yywork\IBJ\SlpMPlus\node_modules\redux-form\package.json
38 verbose installManyTop reading scoped package data from E:\yywork\IBJ\SlpMPlus\node_modules\resolve-url-loader\package.json
39 verbose installManyTop reading scoped package data from E:\yywork\IBJ\SlpMPlus\node_modules\sass-loader\package.json
40 verbose installManyTop reading scoped package data from E:\yywork\IBJ\SlpMPlus\node_modules\style-loader\package.json
41 verbose installManyTop reading scoped package data from E:\yywork\IBJ\SlpMPlus\node_modules\url-loader\package.json
42 verbose installManyTop reading scoped package data from E:\yywork\IBJ\SlpMPlus\node_modules\webpack\package.json
43 verbose installManyTop reading scoped package data from E:\yywork\IBJ\SlpMPlus\node_modules\weui\package.json
44 verbose installManyTop reading scoped package data from E:\yywork\IBJ\SlpMPlus\node_modules\weui.js\package.json
45 verbose installManyTop reading scoped package data from E:\yywork\IBJ\SlpMPlus\node_modules\x-editable\package.json
46 info package.json IndexDBHelper@1.0.0 No repository field.
47 info package.json IndexDBHelper@1.0.0 No license field.
48 info package.json less-loader@2.2.3 No license field.
49 info package.json exports-loader@0.6.4 No license field.
50 info package.json mockjs@1.0.0 No license field.
51 info package.json rc-select@6.8.2 No license field.
52 info package.json x-editable@1.5.1 No license field.
53 info package.json weui.js@1.1.1 No repository field.
54 verbose readDependencies loading dependencies from E:\yywork\IBJ\SlpMPlus\package.json
55 silly cache add args [ 'git+https://git@github.com/EnzoLynn/IndexDBHelper.git',
55 silly cache add   null ]
56 verbose cache add spec git+https://git@github.com/EnzoLynn/IndexDBHelper.git
57 silly cache add parsed spec Result {
57 silly cache add   raw: 'git+https://git@github.com/EnzoLynn/IndexDBHelper.git',
57 silly cache add   scope: null,
57 silly cache add   name: null,
57 silly cache add   rawSpec: 'git+https://git@github.com/EnzoLynn/IndexDBHelper.git',
57 silly cache add   spec: 'git+https://git@github.com/EnzoLynn/IndexDBHelper.git',
57 silly cache add   type: 'hosted',
57 silly cache add   hosted:
57 silly cache add    { type: 'github',
57 silly cache add      ssh: 'git@github.com:EnzoLynn/IndexDBHelper.git',
57 silly cache add      sshUrl: 'git+ssh://git@github.com/EnzoLynn/IndexDBHelper.git',
57 silly cache add      httpsUrl: 'git+https://git@github.com/EnzoLynn/IndexDBHelper.git',
57 silly cache add      gitUrl: 'git://git@github.com/EnzoLynn/IndexDBHelper.git',
57 silly cache add      shortcut: 'github:EnzoLynn/IndexDBHelper',
57 silly cache add      directUrl: 'https://git@raw.githubusercontent.com/EnzoLynn/IndexDBHelper/master/package.json' } }
58 verbose addRemoteGit caching git+https://git@github.com/EnzoLynn/IndexDBHelper.git
59 verbose addRemoteGit git+https://git@github.com/EnzoLynn/IndexDBHelper.git is a repository hosted by github
60 silly tryClone cloning git+https://git@github.com/EnzoLynn/IndexDBHelper.git via git+https://git@github.com/EnzoLynn/IndexDBHelper.git
61 verbose tryClone https-git-github-com-EnzoLynn-IndexDBHelper-git-29dcce5c not in flight; caching
62 info git [ 'config', '--get', 'remote.origin.url' ]
63 silly validateExistingRemote git+https://git@github.com/EnzoLynn/IndexDBHelper.git remote.origin.url: https://git@github.com/EnzoLynn/IndexDBHelper.git
64 verbose validateExistingRemote git+https://git@github.com/EnzoLynn/IndexDBHelper.git is updating existing cached remote C:\Users\lynn.chen\AppData\Roaming\npm-cache\_git-remotes\https-git-github-com-EnzoLynn-IndexDBHelper-git-29dcce5c
65 info git [ 'fetch', '-a', 'origin' ]
66 verbose updateRemote git fetch -a origin (https://git@github.com/EnzoLynn/IndexDBHelper.git)
67 verbose setPermissions git+https://git@github.com/EnzoLynn/IndexDBHelper.git skipping chownr on Windows
68 verbose resolveHead git+https://git@github.com/EnzoLynn/IndexDBHelper.git original treeish: master
69 info git [ 'rev-list', '-n1', 'master' ]
70 silly resolveHead git+https://git@github.com/EnzoLynn/IndexDBHelper.git resolved treeish: 2b430241bbbf896989ccacf211af9dc5d7eeb1fb
71 verbose resolveHead git+https://git@github.com/EnzoLynn/IndexDBHelper.git resolved Git URL: git+https://git@github.com/EnzoLynn/IndexDBHelper.git#2b430241bbbf896989ccacf211af9dc5d7eeb1fb
72 silly resolveHead Git working directory: C:\Users\LYNN~1.CHE\AppData\Local\Temp\npm-116436-829f892d\git-cache-0d74df743066\2b430241bbbf896989ccacf211af9dc5d7eeb1fb
73 info git [ 'clone',
73 info git   'C:\\Users\\lynn.chen\\AppData\\Roaming\\npm-cache\\_git-remotes\\https-git-github-com-EnzoLynn-IndexDBHelper-git-29dcce5c',
73 info git   'C:\\Users\\LYNN~1.CHE\\AppData\\Local\\Temp\\npm-116436-829f892d\\git-cache-0d74df743066\\2b430241bbbf896989ccacf211af9dc5d7eeb1fb' ]
74 verbose cloneResolved git+https://git@github.com/EnzoLynn/IndexDBHelper.git clone Cloning into 'C:\Users\LYNN~1.CHE\AppData\Local\Temp\npm-116436-829f892d\git-cache-0d74df743066\2b430241bbbf896989ccacf211af9dc5d7eeb1fb'...
74 verbose cloneResolved done.
75 info git [ 'checkout', '2b430241bbbf896989ccacf211af9dc5d7eeb1fb' ]
76 verbose checkoutTreeish git+https://git@github.com/EnzoLynn/IndexDBHelper.git checkout Note: checking out '2b430241bbbf896989ccacf211af9dc5d7eeb1fb'.
76 verbose checkoutTreeish
76 verbose checkoutTreeish You are in 'detached HEAD' state. You can look around, make experimental
76 verbose checkoutTreeish changes and commit them, and you can discard any commits you make in this
76 verbose checkoutTreeish state without impacting any branches by performing another checkout.
76 verbose checkoutTreeish
76 verbose checkoutTreeish If you want to create a new branch to retain commits you create, you may
76 verbose checkoutTreeish do so (now or later) by using -b with the checkout command again. Example:
76 verbose checkoutTreeish
76 verbose checkoutTreeish   git checkout -b <new-branch-name>
76 verbose checkoutTreeish
76 verbose checkoutTreeish HEAD is now at 2b43024... package
77 error addLocal Could not install C:\Users\LYNN~1.CHE\AppData\Local\Temp\npm-116436-829f892d\git-cache-0d74df743066\2b430241bbbf896989ccacf211af9dc5d7eeb1fb
78 verbose stack Error: Failed to parse json
78 verbose stack Trailing comma in object at 11:1
78 verbose stack }
78 verbose stack ^
78 verbose stack     at parseError (D:\Program Files\nodejs\node_modules\npm\node_modules\read-package-json\read-json.js:379:11)
78 verbose stack     at parseJson (D:\Program Files\nodejs\node_modules\npm\node_modules\read-package-json\read-json.js:68:23)
78 verbose stack     at D:\Program Files\nodejs\node_modules\npm\node_modules\read-package-json\read-json.js:48:5
78 verbose stack     at FSReqWrap.readFileAfterClose [as oncomplete] (evalmachine.<anonymous>:380:3)
79 verbose cwd E:\yywork\IBJ\SlpMPlus
80 error Windows_NT 6.3.9600
81 error argv "D:\\Program Files\\nodejs\\node.exe" "D:\\Program Files\\nodejs\\node_modules\\npm\\bin\\npm-cli.js" "install" "git+https://git@github.com/EnzoLynn/IndexDBHelper.git" "--save"
82 error node v4.0.0
83 error npm  v2.14.2
84 error file C:\Users\LYNN~1.CHE\AppData\Local\Temp\npm-116436-829f892d\git-cache-0d74df743066\2b430241bbbf896989ccacf211af9dc5d7eeb1fb\package.json
85 error code EJSONPARSE
86 error Failed to parse json
86 error Trailing comma in object at 11:1
86 error }
86 error ^
87 error File: C:\Users\LYNN~1.CHE\AppData\Local\Temp\npm-116436-829f892d\git-cache-0d74df743066\2b430241bbbf896989ccacf211af9dc5d7eeb1fb\package.json
88 error Failed to parse package.json data.
88 error package.json must be actual JSON, not just JavaScript.
88 error
88 error This is not a bug in npm.
88 error Tell the package author to fix their package.json file. JSON.parse
89 verbose exit [ 1, true ]
